<?xml version="1.0" encoding="UTF-8"?>
<!-- Generated by org.testng.reporters.JUnitReportReporter -->
<testsuite hostname="DESKTOP-UCD2CKU" failures="0" tests="4" name="MyTestCases" time="6.472" errors="0" timestamp="2024-10-22T10:53:41 EET" skipped="3">
  <testcase classname="MyTestCases" name="AddToCart" time="6.472"/>
  <system-out/>
  <testcase classname="MyTestCases" name="signUp">
    <skipped/>
  </testcase> <!-- signUp -->
  <system-out/>
  <testcase classname="MyTestCases" name="signOut">
    <skipped/>
  </testcase> <!-- signOut -->
  <system-out/>
  <testcase classname="MyTestCases" name="login">
    <skipped/>
  </testcase> <!-- login -->
  <system-out/>
</testsuite> <!-- MyTestCases -->
